<?xml version="1.0" encoding="UTF-8"?>
<testng-results ignored="0" total="1" passed="1" failed="0" skipped="0">
  <reporter-output>
  </reporter-output>
  <suite started-at="2025-01-15T14:20:56 IST" name="Default suite" finished-at="2025-01-15T14:21:22 IST" duration-ms="26082">
    <groups>
    </groups>
    <test started-at="2025-01-15T14:20:56 IST" name="Default test" finished-at="2025-01-15T14:21:22 IST" duration-ms="26082">
      <class name="com.runner.Runner">
        <test-method signature="demo()[pri:0, instance:com.runner.Runner@41f69e84]" started-at="2025-01-15T14:20:56 IST" name="demo" finished-at="2025-01-15T14:21:22 IST" duration-ms="26049" status="PASS">
          <reporter-output>
          </reporter-output>
        </test-method> <!-- demo -->
      </class> <!-- com.runner.Runner -->
    </test> <!-- Default test -->
  </suite> <!-- Default suite -->
</testng-results>
